21:33:26 **** Build of configuration Release for project 5X7_LampMatrix ****
make all 
Building file: ../.ino.cpp
Starting C++ compile
"/Users/Dad/GoogleDrive/arduino/Arduino 1.5.5.app/Contents/Resources/Java/hardware/tools/avr/bin/avr-g++" -c -g -Os -fno-exceptions -ffunction-sections -fdata-sections -MMD -mmcu=atmega328p -DF_CPU=16000000L -DARDUINO=155 -DARDUINO_AVR_NANO -DARDUINO_ARCH_AVR    -I"/Users/Dad/GoogleDrive/arduino/Arduino 1.5.5.app/Contents/Resources/Java/hardware/arduino/avr/cores/arduino" -I"/Users/Dad/GoogleDrive/arduino/Arduino 1.5.5.app/Contents/Resources/Java/hardware/arduino/avr/variants/eightanaloginputs" -MMD -MP -MF".ino.cpp.d" -MT".ino.cpp.d" -D__IN_ECLIPSE__=1 -x c++ "../.ino.cpp"  -o  ".ino.cpp.o"   -Wall
Finished building: ../.ino.cpp
 
Building file: /Users/Dad/GoogleDrive/arduino/Arduino 1.5.5.app/Contents/Resources/Java/hardware/arduino/avr/cores/arduino/avr-libc/malloc.c
Starting C compile
"/Users/Dad/GoogleDrive/arduino/Arduino 1.5.5.app/Contents/Resources/Java/hardware/tools/avr/bin/avr-gcc" -c -g -Os -ffunction-sections -fdata-sections -MMD -mmcu=atmega328p -DF_CPU=16000000L -DARDUINO=155 -DARDUINO_AVR_NANO -DARDUINO_ARCH_AVR    -I"/Users/Dad/GoogleDrive/arduino/Arduino 1.5.5.app/Contents/Resources/Java/hardware/arduino/avr/cores/arduino" -I"/Users/Dad/GoogleDrive/arduino/Arduino 1.5.5.app/Contents/Resources/Java/hardware/arduino/avr/variants/eightanaloginputs" -MMD -MP -MF"arduino/malloc.c.d" -MT"arduino/malloc.c.d" -D__IN_ECLIPSE__=1 "/Users/Dad/GoogleDrive/arduino/Arduino 1.5.5.app/Contents/Resources/Java/hardware/arduino/avr/cores/arduino/avr-libc/malloc.c"  -o  "arduino/malloc.c.o"   -Wall
Finished building: /Users/Dad/GoogleDrive/arduino/Arduino 1.5.5.app/Contents/Resources/Java/hardware/arduino/avr/cores/arduino/avr-libc/malloc.c
 
Building file: /Users/Dad/GoogleDrive/arduino/Arduino 1.5.5.app/Contents/Resources/Java/hardware/arduino/avr/cores/arduino/avr-libc/realloc.c
Starting C compile
"/Users/Dad/GoogleDrive/arduino/Arduino 1.5.5.app/Contents/Resources/Java/hardware/tools/avr/bin/avr-gcc" -c -g -Os -ffunction-sections -fdata-sections -MMD -mmcu=atmega328p -DF_CPU=16000000L -DARDUINO=155 -DARDUINO_AVR_NANO -DARDUINO_ARCH_AVR    -I"/Users/Dad/GoogleDrive/arduino/Arduino 1.5.5.app/Contents/Resources/Java/hardware/arduino/avr/cores/arduino" -I"/Users/Dad/GoogleDrive/arduino/Arduino 1.5.5.app/Contents/Resources/Java/hardware/arduino/avr/variants/eightanaloginputs" -MMD -MP -MF"arduino/realloc.c.d" -MT"arduino/realloc.c.d" -D__IN_ECLIPSE__=1 "/Users/Dad/GoogleDrive/arduino/Arduino 1.5.5.app/Contents/Resources/Java/hardware/arduino/avr/cores/arduino/avr-libc/realloc.c"  -o  "arduino/realloc.c.o"   -Wall
Finished building: /Users/Dad/GoogleDrive/arduino/Arduino 1.5.5.app/Contents/Resources/Java/hardware/arduino/avr/cores/arduino/avr-libc/realloc.c
 
Building file: /Users/Dad/GoogleDrive/arduino/Arduino 1.5.5.app/Contents/Resources/Java/hardware/arduino/avr/cores/arduino/CDC.cpp
Starting C++ compile
"/Users/Dad/GoogleDrive/arduino/Arduino 1.5.5.app/Contents/Resources/Java/hardware/tools/avr/bin/avr-g++" -c -g -Os -fno-exceptions -ffunction-sections -fdata-sections -MMD -mmcu=atmega328p -DF_CPU=16000000L -DARDUINO=155 -DARDUINO_AVR_NANO -DARDUINO_ARCH_AVR    -I"/Users/Dad/GoogleDrive/arduino/Arduino 1.5.5.app/Contents/Resources/Java/hardware/arduino/avr/cores/arduino" -I"/Users/Dad/GoogleDrive/arduino/Arduino 1.5.5.app/Contents/Resources/Java/hardware/arduino/avr/variants/eightanaloginputs" -MMD -MP -MF"arduino/CDC.cpp.d" -MT"arduino/CDC.cpp.d" -D__IN_ECLIPSE__=1 -x c++ "/Users/Dad/GoogleDrive/arduino/Arduino 1.5.5.app/Contents/Resources/Java/hardware/arduino/avr/cores/arduino/CDC.cpp"  -o  "arduino/CDC.cpp.o"   -Wall
Finished building: /Users/Dad/GoogleDrive/arduino/Arduino 1.5.5.app/Contents/Resources/Java/hardware/arduino/avr/cores/arduino/CDC.cpp
 
Building file: /Users/Dad/GoogleDrive/arduino/Arduino 1.5.5.app/Contents/Resources/Java/hardware/arduino/avr/cores/arduino/HID.cpp
Starting C++ compile
"/Users/Dad/GoogleDrive/arduino/Arduino 1.5.5.app/Contents/Resources/Java/hardware/tools/avr/bin/avr-g++" -c -g -Os -fno-exceptions -ffunction-sections -fdata-sections -MMD -mmcu=atmega328p -DF_CPU=16000000L -DARDUINO=155 -DARDUINO_AVR_NANO -DARDUINO_ARCH_AVR    -I"/Users/Dad/GoogleDrive/arduino/Arduino 1.5.5.app/Contents/Resources/Java/hardware/arduino/avr/cores/arduino" -I"/Users/Dad/GoogleDrive/arduino/Arduino 1.5.5.app/Contents/Resources/Java/hardware/arduino/avr/variants/eightanaloginputs" -MMD -MP -MF"arduino/HID.cpp.d" -MT"arduino/HID.cpp.d" -D__IN_ECLIPSE__=1 -x c++ "/Users/Dad/GoogleDrive/arduino/Arduino 1.5.5.app/Contents/Resources/Java/hardware/arduino/avr/cores/arduino/HID.cpp"  -o  "arduino/HID.cpp.o"   -Wall
Finished building: /Users/Dad/GoogleDrive/arduino/Arduino 1.5.5.app/Contents/Resources/Java/hardware/arduino/avr/cores/arduino/HID.cpp
 
Building file: /Users/Dad/GoogleDrive/arduino/Arduino 1.5.5.app/Contents/Resources/Java/hardware/arduino/avr/cores/arduino/HardwareSerial.cpp
Starting C++ compile
"/Users/Dad/GoogleDrive/arduino/Arduino 1.5.5.app/Contents/Resources/Java/hardware/tools/avr/bin/avr-g++" -c -g -Os -fno-exceptions -ffunction-sections -fdata-sections -MMD -mmcu=atmega328p -DF_CPU=16000000L -DARDUINO=155 -DARDUINO_AVR_NANO -DARDUINO_ARCH_AVR    -I"/Users/Dad/GoogleDrive/arduino/Arduino 1.5.5.app/Contents/Resources/Java/hardware/arduino/avr/cores/arduino" -I"/Users/Dad/GoogleDrive/arduino/Arduino 1.5.5.app/Contents/Resources/Java/hardware/arduino/avr/variants/eightanaloginputs" -MMD -MP -MF"arduino/HardwareSerial.cpp.d" -MT"arduino/HardwareSerial.cpp.d" -D__IN_ECLIPSE__=1 -x c++ "/Users/Dad/GoogleDrive/arduino/Arduino 1.5.5.app/Contents/Resources/Java/hardware/arduino/avr/cores/arduino/HardwareSerial.cpp"  -o  "arduino/HardwareSerial.cpp.o"   -Wall
/Users/Dad/GoogleDrive/arduino/Arduino 1.5.5.app/Contents/Resources/Java/hardware/arduino/avr/cores/arduino/HardwareSerial.cpp: In function 'void __vector_18()':
/Users/Dad/GoogleDrive/arduino/Arduino 1.5.5.app/Contents/Resources/Java/hardware/arduino/avr/cores/arduino/HardwareSerial.cpp:89: warning: unused variable 'c'
/Users/Dad/GoogleDrive/arduino/Arduino 1.5.5.app/Contents/Resources/Java/hardware/arduino/avr/cores/arduino/HardwareSerial.cpp: In member function 'void HardwareSerial::begin(long unsigned int, byte)':
/Users/Dad/GoogleDrive/arduino/Arduino 1.5.5.app/Contents/Resources/Java/hardware/arduino/avr/cores/arduino/HardwareSerial.cpp:329: warning: unused variable 'current_config'
Finished building: /Users/Dad/GoogleDrive/arduino/Arduino 1.5.5.app/Contents/Resources/Java/hardware/arduino/avr/cores/arduino/HardwareSerial.cpp
 
Building file: /Users/Dad/GoogleDrive/arduino/Arduino 1.5.5.app/Contents/Resources/Java/hardware/arduino/avr/cores/arduino/IPAddress.cpp
Starting C++ compile
"/Users/Dad/GoogleDrive/arduino/Arduino 1.5.5.app/Contents/Resources/Java/hardware/tools/avr/bin/avr-g++" -c -g -Os -fno-exceptions -ffunction-sections -fdata-sections -MMD -mmcu=atmega328p -DF_CPU=16000000L -DARDUINO=155 -DARDUINO_AVR_NANO -DARDUINO_ARCH_AVR    -I"/Users/Dad/GoogleDrive/arduino/Arduino 1.5.5.app/Contents/Resources/Java/hardware/arduino/avr/cores/arduino" -I"/Users/Dad/GoogleDrive/arduino/Arduino 1.5.5.app/Contents/Resources/Java/hardware/arduino/avr/variants/eightanaloginputs" -MMD -MP -MF"arduino/IPAddress.cpp.d" -MT"arduino/IPAddress.cpp.d" -D__IN_ECLIPSE__=1 -x c++ "/Users/Dad/GoogleDrive/arduino/Arduino 1.5.5.app/Contents/Resources/Java/hardware/arduino/avr/cores/arduino/IPAddress.cpp"  -o  "arduino/IPAddress.cpp.o"   -Wall
Finished building: /Users/Dad/GoogleDrive/arduino/Arduino 1.5.5.app/Contents/Resources/Java/hardware/arduino/avr/cores/arduino/IPAddress.cpp
 
Building file: /Users/Dad/GoogleDrive/arduino/Arduino 1.5.5.app/Contents/Resources/Java/hardware/arduino/avr/cores/arduino/Print.cpp
Starting C++ compile
"/Users/Dad/GoogleDrive/arduino/Arduino 1.5.5.app/Contents/Resources/Java/hardware/tools/avr/bin/avr-g++" -c -g -Os -fno-exceptions -ffunction-sections -fdata-sections -MMD -mmcu=atmega328p -DF_CPU=16000000L -DARDUINO=155 -DARDUINO_AVR_NANO -DARDUINO_ARCH_AVR    -I"/Users/Dad/GoogleDrive/arduino/Arduino 1.5.5.app/Contents/Resources/Java/hardware/arduino/avr/cores/arduino" -I"/Users/Dad/GoogleDrive/arduino/Arduino 1.5.5.app/Contents/Resources/Java/hardware/arduino/avr/variants/eightanaloginputs" -MMD -MP -MF"arduino/Print.cpp.d" -MT"arduino/Print.cpp.d" -D__IN_ECLIPSE__=1 -x c++ "/Users/Dad/GoogleDrive/arduino/Arduino 1.5.5.app/Contents/Resources/Java/hardware/arduino/avr/cores/arduino/Print.cpp"  -o  "arduino/Print.cpp.o"   -Wall
/Users/Dad/GoogleDrive/arduino/Arduino 1.5.5.app/Contents/Resources/Java/hardware/arduino/avr/cores/arduino/Print.cpp: In member function 'size_t Print::print(const __FlashStringHelper*)':
/Users/Dad/GoogleDrive/arduino/Arduino 1.5.5.app/Contents/Resources/Java/hardware/arduino/avr/cores/arduino/Print.cpp:44: warning: '__progmem__' attribute ignored
Finished building: /Users/Dad/GoogleDrive/arduino/Arduino 1.5.5.app/Contents/Resources/Java/hardware/arduino/avr/cores/arduino/Print.cpp
 
Building file: /Users/Dad/GoogleDrive/arduino/Arduino 1.5.5.app/Contents/Resources/Java/hardware/arduino/avr/cores/arduino/Stream.cpp
Starting C++ compile
"/Users/Dad/GoogleDrive/arduino/Arduino 1.5.5.app/Contents/Resources/Java/hardware/tools/avr/bin/avr-g++" -c -g -Os -fno-exceptions -ffunction-sections -fdata-sections -MMD -mmcu=atmega328p -DF_CPU=16000000L -DARDUINO=155 -DARDUINO_AVR_NANO -DARDUINO_ARCH_AVR    -I"/Users/Dad/GoogleDrive/arduino/Arduino 1.5.5.app/Contents/Resources/Java/hardware/arduino/avr/cores/arduino" -I"/Users/Dad/GoogleDrive/arduino/Arduino 1.5.5.app/Contents/Resources/Java/hardware/arduino/avr/variants/eightanaloginputs" -MMD -MP -MF"arduino/Stream.cpp.d" -MT"arduino/Stream.cpp.d" -D__IN_ECLIPSE__=1 -x c++ "/Users/Dad/GoogleDrive/arduino/Arduino 1.5.5.app/Contents/Resources/Java/hardware/arduino/avr/cores/arduino/Stream.cpp"  -o  "arduino/Stream.cpp.o"   -Wall
Finished building: /Users/Dad/GoogleDrive/arduino/Arduino 1.5.5.app/Contents/Resources/Java/hardware/arduino/avr/cores/arduino/Stream.cpp
 
Building file: /Users/Dad/GoogleDrive/arduino/Arduino 1.5.5.app/Contents/Resources/Java/hardware/arduino/avr/cores/arduino/Tone.cpp
Starting C++ compile
"/Users/Dad/GoogleDrive/arduino/Arduino 1.5.5.app/Contents/Resources/Java/hardware/tools/avr/bin/avr-g++" -c -g -Os -fno-exceptions -ffunction-sections -fdata-sections -MMD -mmcu=atmega328p -DF_CPU=16000000L -DARDUINO=155 -DARDUINO_AVR_NANO -DARDUINO_ARCH_AVR    -I"/Users/Dad/GoogleDrive/arduino/Arduino 1.5.5.app/Contents/Resources/Java/hardware/arduino/avr/cores/arduino" -I"/Users/Dad/GoogleDrive/arduino/Arduino 1.5.5.app/Contents/Resources/Java/hardware/arduino/avr/variants/eightanaloginputs" -MMD -MP -MF"arduino/Tone.cpp.d" -MT"arduino/Tone.cpp.d" -D__IN_ECLIPSE__=1 -x c++ "/Users/Dad/GoogleDrive/arduino/Arduino 1.5.5.app/Contents/Resources/Java/hardware/arduino/avr/cores/arduino/Tone.cpp"  -o  "arduino/Tone.cpp.o"   -Wall
/Users/Dad/GoogleDrive/arduino/Arduino 1.5.5.app/Contents/Resources/Java/hardware/arduino/avr/cores/arduino/Tone.cpp:119: warning: only initialized variables can be placed into program memory area
Finished building: /Users/Dad/GoogleDrive/arduino/Arduino 1.5.5.app/Contents/Resources/Java/hardware/arduino/avr/cores/arduino/Tone.cpp
 
Building file: /Users/Dad/GoogleDrive/arduino/Arduino 1.5.5.app/Contents/Resources/Java/hardware/arduino/avr/cores/arduino/USBCore.cpp
Starting C++ compile
"/Users/Dad/GoogleDrive/arduino/Arduino 1.5.5.app/Contents/Resources/Java/hardware/tools/avr/bin/avr-g++" -c -g -Os -fno-exceptions -ffunction-sections -fdata-sections -MMD -mmcu=atmega328p -DF_CPU=16000000L -DARDUINO=155 -DARDUINO_AVR_NANO -DARDUINO_ARCH_AVR    -I"/Users/Dad/GoogleDrive/arduino/Arduino 1.5.5.app/Contents/Resources/Java/hardware/arduino/avr/cores/arduino" -I"/Users/Dad/GoogleDrive/arduino/Arduino 1.5.5.app/Contents/Resources/Java/hardware/arduino/avr/variants/eightanaloginputs" -MMD -MP -MF"arduino/USBCore.cpp.d" -MT"arduino/USBCore.cpp.d" -D__IN_ECLIPSE__=1 -x c++ "/Users/Dad/GoogleDrive/arduino/Arduino 1.5.5.app/Contents/Resources/Java/hardware/arduino/avr/cores/arduino/USBCore.cpp"  -o  "arduino/USBCore.cpp.o"   -Wall
Finished building: /Users/Dad/GoogleDrive/arduino/Arduino 1.5.5.app/Contents/Resources/Java/hardware/arduino/avr/cores/arduino/USBCore.cpp
 
Building file: /Users/Dad/GoogleDrive/arduino/Arduino 1.5.5.app/Contents/Resources/Java/hardware/arduino/avr/cores/arduino/WInterrupts.c
Starting C compile
"/Users/Dad/GoogleDrive/arduino/Arduino 1.5.5.app/Contents/Resources/Java/hardware/tools/avr/bin/avr-gcc" -c -g -Os -ffunction-sections -fdata-sections -MMD -mmcu=atmega328p -DF_CPU=16000000L -DARDUINO=155 -DARDUINO_AVR_NANO -DARDUINO_ARCH_AVR    -I"/Users/Dad/GoogleDrive/arduino/Arduino 1.5.5.app/Contents/Resources/Java/hardware/arduino/avr/cores/arduino" -I"/Users/Dad/GoogleDrive/arduino/Arduino 1.5.5.app/Contents/Resources/Java/hardware/arduino/avr/variants/eightanaloginputs" -MMD -MP -MF"arduino/WInterrupts.c.d" -MT"arduino/WInterrupts.c.d" -D__IN_ECLIPSE__=1 "/Users/Dad/GoogleDrive/arduino/Arduino 1.5.5.app/Contents/Resources/Java/hardware/arduino/avr/cores/arduino/WInterrupts.c"  -o  "arduino/WInterrupts.c.o"   -Wall
Finished building: /Users/Dad/GoogleDrive/arduino/Arduino 1.5.5.app/Contents/Resources/Java/hardware/arduino/avr/cores/arduino/WInterrupts.c
 
Building file: /Users/Dad/GoogleDrive/arduino/Arduino 1.5.5.app/Contents/Resources/Java/hardware/arduino/avr/cores/arduino/WMath.cpp
Starting C++ compile
"/Users/Dad/GoogleDrive/arduino/Arduino 1.5.5.app/Contents/Resources/Java/hardware/tools/avr/bin/avr-g++" -c -g -Os -fno-exceptions -ffunction-sections -fdata-sections -MMD -mmcu=atmega328p -DF_CPU=16000000L -DARDUINO=155 -DARDUINO_AVR_NANO -DARDUINO_ARCH_AVR    -I"/Users/Dad/GoogleDrive/arduino/Arduino 1.5.5.app/Contents/Resources/Java/hardware/arduino/avr/cores/arduino" -I"/Users/Dad/GoogleDrive/arduino/Arduino 1.5.5.app/Contents/Resources/Java/hardware/arduino/avr/variants/eightanaloginputs" -MMD -MP -MF"arduino/WMath.cpp.d" -MT"arduino/WMath.cpp.d" -D__IN_ECLIPSE__=1 -x c++ "/Users/Dad/GoogleDrive/arduino/Arduino 1.5.5.app/Contents/Resources/Java/hardware/arduino/avr/cores/arduino/WMath.cpp"  -o  "arduino/WMath.cpp.o"   -Wall
Finished building: /Users/Dad/GoogleDrive/arduino/Arduino 1.5.5.app/Contents/Resources/Java/hardware/arduino/avr/cores/arduino/WMath.cpp
 
Building file: /Users/Dad/GoogleDrive/arduino/Arduino 1.5.5.app/Contents/Resources/Java/hardware/arduino/avr/cores/arduino/WString.cpp
Starting C++ compile
"/Users/Dad/GoogleDrive/arduino/Arduino 1.5.5.app/Contents/Resources/Java/hardware/tools/avr/bin/avr-g++" -c -g -Os -fno-exceptions -ffunction-sections -fdata-sections -MMD -mmcu=atmega328p -DF_CPU=16000000L -DARDUINO=155 -DARDUINO_AVR_NANO -DARDUINO_ARCH_AVR    -I"/Users/Dad/GoogleDrive/arduino/Arduino 1.5.5.app/Contents/Resources/Java/hardware/arduino/avr/cores/arduino" -I"/Users/Dad/GoogleDrive/arduino/Arduino 1.5.5.app/Contents/Resources/Java/hardware/arduino/avr/variants/eightanaloginputs" -MMD -MP -MF"arduino/WString.cpp.d" -MT"arduino/WString.cpp.d" -D__IN_ECLIPSE__=1 -x c++ "/Users/Dad/GoogleDrive/arduino/Arduino 1.5.5.app/Contents/Resources/Java/hardware/arduino/avr/cores/arduino/WString.cpp"  -o  "arduino/WString.cpp.o"   -Wall
Finished building: /Users/Dad/GoogleDrive/arduino/Arduino 1.5.5.app/Contents/Resources/Java/hardware/arduino/avr/cores/arduino/WString.cpp
 
Building file: /Users/Dad/GoogleDrive/arduino/Arduino 1.5.5.app/Contents/Resources/Java/hardware/arduino/avr/cores/arduino/hooks.c
Starting C compile
"/Users/Dad/GoogleDrive/arduino/Arduino 1.5.5.app/Contents/Resources/Java/hardware/tools/avr/bin/avr-gcc" -c -g -Os -ffunction-sections -fdata-sections -MMD -mmcu=atmega328p -DF_CPU=16000000L -DARDUINO=155 -DARDUINO_AVR_NANO -DARDUINO_ARCH_AVR    -I"/Users/Dad/GoogleDrive/arduino/Arduino 1.5.5.app/Contents/Resources/Java/hardware/arduino/avr/cores/arduino" -I"/Users/Dad/GoogleDrive/arduino/Arduino 1.5.5.app/Contents/Resources/Java/hardware/arduino/avr/variants/eightanaloginputs" -MMD -MP -MF"arduino/hooks.c.d" -MT"arduino/hooks.c.d" -D__IN_ECLIPSE__=1 "/Users/Dad/GoogleDrive/arduino/Arduino 1.5.5.app/Contents/Resources/Java/hardware/arduino/avr/cores/arduino/hooks.c"  -o  "arduino/hooks.c.o"   -Wall
Finished building: /Users/Dad/GoogleDrive/arduino/Arduino 1.5.5.app/Contents/Resources/Java/hardware/arduino/avr/cores/arduino/hooks.c
 
Building file: /Users/Dad/GoogleDrive/arduino/Arduino 1.5.5.app/Contents/Resources/Java/hardware/arduino/avr/cores/arduino/main.cpp
Starting C++ compile
"/Users/Dad/GoogleDrive/arduino/Arduino 1.5.5.app/Contents/Resources/Java/hardware/tools/avr/bin/avr-g++" -c -g -Os -fno-exceptions -ffunction-sections -fdata-sections -MMD -mmcu=atmega328p -DF_CPU=16000000L -DARDUINO=155 -DARDUINO_AVR_NANO -DARDUINO_ARCH_AVR    -I"/Users/Dad/GoogleDrive/arduino/Arduino 1.5.5.app/Contents/Resources/Java/hardware/arduino/avr/cores/arduino" -I"/Users/Dad/GoogleDrive/arduino/Arduino 1.5.5.app/Contents/Resources/Java/hardware/arduino/avr/variants/eightanaloginputs" -MMD -MP -MF"arduino/main.cpp.d" -MT"arduino/main.cpp.d" -D__IN_ECLIPSE__=1 -x c++ "/Users/Dad/GoogleDrive/arduino/Arduino 1.5.5.app/Contents/Resources/Java/hardware/arduino/avr/cores/arduino/main.cpp"  -o  "arduino/main.cpp.o"   -Wall
Finished building: /Users/Dad/GoogleDrive/arduino/Arduino 1.5.5.app/Contents/Resources/Java/hardware/arduino/avr/cores/arduino/main.cpp
 
Building file: /Users/Dad/GoogleDrive/arduino/Arduino 1.5.5.app/Contents/Resources/Java/hardware/arduino/avr/cores/arduino/new.cpp
Starting C++ compile
"/Users/Dad/GoogleDrive/arduino/Arduino 1.5.5.app/Contents/Resources/Java/hardware/tools/avr/bin/avr-g++" -c -g -Os -fno-exceptions -ffunction-sections -fdata-sections -MMD -mmcu=atmega328p -DF_CPU=16000000L -DARDUINO=155 -DARDUINO_AVR_NANO -DARDUINO_ARCH_AVR    -I"/Users/Dad/GoogleDrive/arduino/Arduino 1.5.5.app/Contents/Resources/Java/hardware/arduino/avr/cores/arduino" -I"/Users/Dad/GoogleDrive/arduino/Arduino 1.5.5.app/Contents/Resources/Java/hardware/arduino/avr/variants/eightanaloginputs" -MMD -MP -MF"arduino/new.cpp.d" -MT"arduino/new.cpp.d" -D__IN_ECLIPSE__=1 -x c++ "/Users/Dad/GoogleDrive/arduino/Arduino 1.5.5.app/Contents/Resources/Java/hardware/arduino/avr/cores/arduino/new.cpp"  -o  "arduino/new.cpp.o"   -Wall
Finished building: /Users/Dad/GoogleDrive/arduino/Arduino 1.5.5.app/Contents/Resources/Java/hardware/arduino/avr/cores/arduino/new.cpp
 
Building file: /Users/Dad/GoogleDrive/arduino/Arduino 1.5.5.app/Contents/Resources/Java/hardware/arduino/avr/cores/arduino/wiring.c
Starting C compile
"/Users/Dad/GoogleDrive/arduino/Arduino 1.5.5.app/Contents/Resources/Java/hardware/tools/avr/bin/avr-gcc" -c -g -Os -ffunction-sections -fdata-sections -MMD -mmcu=atmega328p -DF_CPU=16000000L -DARDUINO=155 -DARDUINO_AVR_NANO -DARDUINO_ARCH_AVR    -I"/Users/Dad/GoogleDrive/arduino/Arduino 1.5.5.app/Contents/Resources/Java/hardware/arduino/avr/cores/arduino" -I"/Users/Dad/GoogleDrive/arduino/Arduino 1.5.5.app/Contents/Resources/Java/hardware/arduino/avr/variants/eightanaloginputs" -MMD -MP -MF"arduino/wiring.c.d" -MT"arduino/wiring.c.d" -D__IN_ECLIPSE__=1 "/Users/Dad/GoogleDrive/arduino/Arduino 1.5.5.app/Contents/Resources/Java/hardware/arduino/avr/cores/arduino/wiring.c"  -o  "arduino/wiring.c.o"   -Wall
Finished building: /Users/Dad/GoogleDrive/arduino/Arduino 1.5.5.app/Contents/Resources/Java/hardware/arduino/avr/cores/arduino/wiring.c
 
Building file: /Users/Dad/GoogleDrive/arduino/Arduino 1.5.5.app/Contents/Resources/Java/hardware/arduino/avr/cores/arduino/wiring_analog.c
Starting C compile
"/Users/Dad/GoogleDrive/arduino/Arduino 1.5.5.app/Contents/Resources/Java/hardware/tools/avr/bin/avr-gcc" -c -g -Os -ffunction-sections -fdata-sections -MMD -mmcu=atmega328p -DF_CPU=16000000L -DARDUINO=155 -DARDUINO_AVR_NANO -DARDUINO_ARCH_AVR    -I"/Users/Dad/GoogleDrive/arduino/Arduino 1.5.5.app/Contents/Resources/Java/hardware/arduino/avr/cores/arduino" -I"/Users/Dad/GoogleDrive/arduino/Arduino 1.5.5.app/Contents/Resources/Java/hardware/arduino/avr/variants/eightanaloginputs" -MMD -MP -MF"arduino/wiring_analog.c.d" -MT"arduino/wiring_analog.c.d" -D__IN_ECLIPSE__=1 "/Users/Dad/GoogleDrive/arduino/Arduino 1.5.5.app/Contents/Resources/Java/hardware/arduino/avr/cores/arduino/wiring_analog.c"  -o  "arduino/wiring_analog.c.o"   -Wall
Finished building: /Users/Dad/GoogleDrive/arduino/Arduino 1.5.5.app/Contents/Resources/Java/hardware/arduino/avr/cores/arduino/wiring_analog.c
 
Building file: /Users/Dad/GoogleDrive/arduino/Arduino 1.5.5.app/Contents/Resources/Java/hardware/arduino/avr/cores/arduino/wiring_digital.c
Starting C compile
"/Users/Dad/GoogleDrive/arduino/Arduino 1.5.5.app/Contents/Resources/Java/hardware/tools/avr/bin/avr-gcc" -c -g -Os -ffunction-sections -fdata-sections -MMD -mmcu=atmega328p -DF_CPU=16000000L -DARDUINO=155 -DARDUINO_AVR_NANO -DARDUINO_ARCH_AVR    -I"/Users/Dad/GoogleDrive/arduino/Arduino 1.5.5.app/Contents/Resources/Java/hardware/arduino/avr/cores/arduino" -I"/Users/Dad/GoogleDrive/arduino/Arduino 1.5.5.app/Contents/Resources/Java/hardware/arduino/avr/variants/eightanaloginputs" -MMD -MP -MF"arduino/wiring_digital.c.d" -MT"arduino/wiring_digital.c.d" -D__IN_ECLIPSE__=1 "/Users/Dad/GoogleDrive/arduino/Arduino 1.5.5.app/Contents/Resources/Java/hardware/arduino/avr/cores/arduino/wiring_digital.c"  -o  "arduino/wiring_digital.c.o"   -Wall
Finished building: /Users/Dad/GoogleDrive/arduino/Arduino 1.5.5.app/Contents/Resources/Java/hardware/arduino/avr/cores/arduino/wiring_digital.c
 
Building file: /Users/Dad/GoogleDrive/arduino/Arduino 1.5.5.app/Contents/Resources/Java/hardware/arduino/avr/cores/arduino/wiring_pulse.c
Starting C compile
"/Users/Dad/GoogleDrive/arduino/Arduino 1.5.5.app/Contents/Resources/Java/hardware/tools/avr/bin/avr-gcc" -c -g -Os -ffunction-sections -fdata-sections -MMD -mmcu=atmega328p -DF_CPU=16000000L -DARDUINO=155 -DARDUINO_AVR_NANO -DARDUINO_ARCH_AVR    -I"/Users/Dad/GoogleDrive/arduino/Arduino 1.5.5.app/Contents/Resources/Java/hardware/arduino/avr/cores/arduino" -I"/Users/Dad/GoogleDrive/arduino/Arduino 1.5.5.app/Contents/Resources/Java/hardware/arduino/avr/variants/eightanaloginputs" -MMD -MP -MF"arduino/wiring_pulse.c.d" -MT"arduino/wiring_pulse.c.d" -D__IN_ECLIPSE__=1 "/Users/Dad/GoogleDrive/arduino/Arduino 1.5.5.app/Contents/Resources/Java/hardware/arduino/avr/cores/arduino/wiring_pulse.c"  -o  "arduino/wiring_pulse.c.o"   -Wall
Finished building: /Users/Dad/GoogleDrive/arduino/Arduino 1.5.5.app/Contents/Resources/Java/hardware/arduino/avr/cores/arduino/wiring_pulse.c
 
Building file: /Users/Dad/GoogleDrive/arduino/Arduino 1.5.5.app/Contents/Resources/Java/hardware/arduino/avr/cores/arduino/wiring_shift.c
Starting C compile
"/Users/Dad/GoogleDrive/arduino/Arduino 1.5.5.app/Contents/Resources/Java/hardware/tools/avr/bin/avr-gcc" -c -g -Os -ffunction-sections -fdata-sections -MMD -mmcu=atmega328p -DF_CPU=16000000L -DARDUINO=155 -DARDUINO_AVR_NANO -DARDUINO_ARCH_AVR    -I"/Users/Dad/GoogleDrive/arduino/Arduino 1.5.5.app/Contents/Resources/Java/hardware/arduino/avr/cores/arduino" -I"/Users/Dad/GoogleDrive/arduino/Arduino 1.5.5.app/Contents/Resources/Java/hardware/arduino/avr/variants/eightanaloginputs" -MMD -MP -MF"arduino/wiring_shift.c.d" -MT"arduino/wiring_shift.c.d" -D__IN_ECLIPSE__=1 "/Users/Dad/GoogleDrive/arduino/Arduino 1.5.5.app/Contents/Resources/Java/hardware/arduino/avr/cores/arduino/wiring_shift.c"  -o  "arduino/wiring_shift.c.o"   -Wall
Finished building: /Users/Dad/GoogleDrive/arduino/Arduino 1.5.5.app/Contents/Resources/Java/hardware/arduino/avr/cores/arduino/wiring_shift.c
 
Starting archiver
"/Users/Dad/GoogleDrive/arduino/Arduino 1.5.5.app/Contents/Resources/Java/hardware/tools/avr/bin/avr-ar" rcs "/Users/Dad/GoogleDrive/arduino/Workspace/5X7_LampMatrix/Release/arduino.ar"    ./arduino/malloc.c.o ./arduino/realloc.c.o  ./arduino/CDC.cpp.o ./arduino/HID.cpp.o ./arduino/HardwareSerial.cpp.o ./arduino/IPAddress.cpp.o ./arduino/Print.cpp.o ./arduino/Stream.cpp.o ./arduino/Tone.cpp.o ./arduino/USBCore.cpp.o ./arduino/WInterrupts.c.o ./arduino/WMath.cpp.o ./arduino/WString.cpp.o ./arduino/hooks.c.o ./arduino/main.cpp.o ./arduino/new.cpp.o ./arduino/wiring.c.o ./arduino/wiring_analog.c.o ./arduino/wiring_digital.c.o ./arduino/wiring_pulse.c.o ./arduino/wiring_shift.c.o 
Finished building: /Users/Dad/GoogleDrive/arduino/Workspace/5X7_LampMatrix/Release/arduino.ar
 
Starting combiner
"/Users/Dad/GoogleDrive/arduino/Arduino 1.5.5.app/Contents/Resources/Java/hardware/tools/avr/bin/avr-gcc" -Os -Wl,--gc-sections -mmcu=atmega328p -o "/Users/Dad/GoogleDrive/arduino/Workspace/5X7_LampMatrix/Release/5X7_LampMatrix.elf"    ./.ino.cpp.o   /Users/Dad/GoogleDrive/arduino/Workspace/5X7_LampMatrix/Release/arduino.ar   "/Users/Dad/GoogleDrive/arduino/Workspace/5X7_LampMatrix/Release/arduino.ar" "-L/Users/Dad/GoogleDrive/arduino/Workspace/5X7_LampMatrix/Release" -lm
/Users/Dad/GoogleDrive/arduino/Workspace/5X7_LampMatrix/Release/arduino.ar(main.cpp.o): In function `main':
/Users/Dad/GoogleDrive/arduino/Arduino 1.5.5.app/Contents/Resources/Java/hardware/arduino/avr/cores/arduino/main.cpp:11: undefined reference to `setup'
/Users/Dad/GoogleDrive/arduino/Arduino 1.5.5.app/Contents/Resources/Java/hardware/arduino/avr/cores/arduino/main.cpp:14: undefined reference to `loop'
make: *** [5X7_LampMatrix.elf] Error 1

21:33:27 Build Finished (took 1s.373ms)

