23:34:27 **** Build of configuration Release for project LampMatrixWiring ****
make all 
Building file: ../.ino.cpp
Starting C++ compile
"/Users/Dad/GoogleDrive/arduino/Arduino 1.5.5.app/Contents/Resources/Java/hardware/tools/avr/bin/avr-g++" -c -g -Os -fno-exceptions -ffunction-sections -fdata-sections -MMD -mmcu=atmega328p -DF_CPU=16000000L -DARDUINO=155 -DARDUINO_AVR_NANO -DARDUINO_ARCH_AVR    -I"/Users/Dad/GoogleDrive/arduino/Arduino 1.5.5.app/Contents/Resources/Java/hardware/arduino/avr/cores/arduino" -I"/Users/Dad/GoogleDrive/arduino/Arduino 1.5.5.app/Contents/Resources/Java/hardware/arduino/avr/variants/eightanaloginputs" -MMD -MP -MF".ino.cpp.d" -MT".ino.cpp.d" -D__IN_ECLIPSE__=1 -x c++ "../.ino.cpp"  -o  ".ino.cpp.o"   -Wall
Finished building: ../.ino.cpp
 
Starting combiner
"/Users/Dad/GoogleDrive/arduino/Arduino 1.5.5.app/Contents/Resources/Java/hardware/tools/avr/bin/avr-gcc" -Os -Wl,--gc-sections -mmcu=atmega328p -o "/Users/Dad/GoogleDrive/arduino/Workspace/LampMatrixWiring/Release/LampMatrixWiring.elf"    ./.ino.cpp.o   /Users/Dad/GoogleDrive/arduino/Workspace/LampMatrixWiring/Release/arduino.ar   "/Users/Dad/GoogleDrive/arduino/Workspace/LampMatrixWiring/Release/arduino.ar" "-L/Users/Dad/GoogleDrive/arduino/Workspace/LampMatrixWiring/Release" -lm
Finished building: LampMatrixWiring.elf
 
Create eeprom image
"/Users/Dad/GoogleDrive/arduino/Arduino 1.5.5.app/Contents/Resources/Java/hardware/tools/avr/bin/avr-objcopy" -O ihex -j .eeprom --set-section-flags=.eeprom=alloc,load --no-change-warnings --change-section-lma .eeprom=0 "/Users/Dad/GoogleDrive/arduino/Workspace/LampMatrixWiring/Release/LampMatrixWiring.elf" "/Users/Dad/GoogleDrive/arduino/Workspace/LampMatrixWiring/Release/LampMatrixWiring.eep"
Finished building: LampMatrixWiring.eep
 
Create Flash image (ihex format)
"/Users/Dad/GoogleDrive/arduino/Arduino 1.5.5.app/Contents/Resources/Java/hardware/tools/avr/bin/avr-objcopy" -O ihex -R .eeprom "/Users/Dad/GoogleDrive/arduino/Workspace/LampMatrixWiring/Release/LampMatrixWiring.elf" "/Users/Dad/GoogleDrive/arduino/Workspace/LampMatrixWiring/Release/LampMatrixWiring.hex"
Finished building: LampMatrixWiring.hex
 
Building target: LampMatrixWiring
Printing size:
"/Users/Dad/GoogleDrive/arduino/Arduino 1.5.5.app/Contents/Resources/Java/hardware/tools/avr/bin/avr-size" -A "/Users/Dad/GoogleDrive/arduino/Workspace/LampMatrixWiring/Release/LampMatrixWiring.elf"
/Users/Dad/GoogleDrive/arduino/Workspace/LampMatrixWiring/Release/LampMatrixWiring.elf  :
section            size      addr
.data                56   8388864
.text              4782         0
.bss                179   8388920
.debug_aranges     1608         0
.debug_pubnames    3588         0
.debug_info       33853         0
.debug_abbrev      5699         0
.debug_line       16742         0
.debug_frame       2768         0
.debug_str         7550         0
.debug_loc        18944         0
.debug_ranges      1472         0
Total             97241


Finished building target: LampMatrixWiring
 

23:34:27 Build Finished (took 159ms)

