22:59:57 **** Incremental Build of configuration Release for project LampMatrix ****
make all 
Building file: ../.ino.cpp
Starting C++ compile
"/Users/Dad/GoogleDrive/arduino/Arduino 1.5.5.app/Contents/Resources/Java/hardware/tools/avr/bin/avr-g++" -c -g -Os -fno-exceptions -ffunction-sections -fdata-sections -MMD -mmcu=atmega328p -DF_CPU=16000000L -DARDUINO=155 -DARDUINO_AVR_UNO -DARDUINO_ARCH_AVR    -I"/Users/Dad/GoogleDrive/arduino/Arduino 1.5.5.app/Contents/Resources/Java/hardware/arduino/avr/cores/arduino" -I"/Users/Dad/GoogleDrive/arduino/Arduino 1.5.5.app/Contents/Resources/Java/hardware/arduino/avr/variants/standard" -MMD -MP -MF".ino.cpp.d" -MT".ino.cpp.d" -D__IN_ECLIPSE__=1 -x c++ "../.ino.cpp"  -o  ".ino.cpp.o"   -Wall
Finished building: ../.ino.cpp
 
Building file: ../MatrixPins.cpp
Starting C++ compile
"/Users/Dad/GoogleDrive/arduino/Arduino 1.5.5.app/Contents/Resources/Java/hardware/tools/avr/bin/avr-g++" -c -g -Os -fno-exceptions -ffunction-sections -fdata-sections -MMD -mmcu=atmega328p -DF_CPU=16000000L -DARDUINO=155 -DARDUINO_AVR_UNO -DARDUINO_ARCH_AVR    -I"/Users/Dad/GoogleDrive/arduino/Arduino 1.5.5.app/Contents/Resources/Java/hardware/arduino/avr/cores/arduino" -I"/Users/Dad/GoogleDrive/arduino/Arduino 1.5.5.app/Contents/Resources/Java/hardware/arduino/avr/variants/standard" -MMD -MP -MF"MatrixPins.cpp.d" -MT"MatrixPins.cpp.d" -D__IN_ECLIPSE__=1 -x c++ "../MatrixPins.cpp"  -o  "MatrixPins.cpp.o"   -Wall
Finished building: ../MatrixPins.cpp
 
Starting combiner
"/Users/Dad/GoogleDrive/arduino/Arduino 1.5.5.app/Contents/Resources/Java/hardware/tools/avr/bin/avr-gcc" -Os -Wl,--gc-sections -mmcu=atmega328p -o "/Users/Dad/GoogleDrive/arduino/Workspace/LampMatrix/Release/LampMatrix.elf"    ./.ino.cpp.o ./Bag.cpp.o ./ConcreteMatrixPattern.cpp.o ./FlexiTimer2.cpp.o ./Logging.cpp.o ./MatrixPattern.cpp.o ./MatrixPins.cpp.o ./OutputPins.cpp.o   /Users/Dad/GoogleDrive/arduino/Workspace/LampMatrix/Release/arduino.ar   "/Users/Dad/GoogleDrive/arduino/Workspace/LampMatrix/Release/arduino.ar" "-L/Users/Dad/GoogleDrive/arduino/Workspace/LampMatrix/Release" -lm
Finished building: LampMatrix.elf
 
Create eeprom image
"/Users/Dad/GoogleDrive/arduino/Arduino 1.5.5.app/Contents/Resources/Java/hardware/tools/avr/bin/avr-objcopy" -O ihex -j .eeprom --set-section-flags=.eeprom=alloc,load --no-change-warnings --change-section-lma .eeprom=0 "/Users/Dad/GoogleDrive/arduino/Workspace/LampMatrix/Release/LampMatrix.elf" "/Users/Dad/GoogleDrive/arduino/Workspace/LampMatrix/Release/LampMatrix.eep"
Finished building: LampMatrix.eep
 
Create Flash image (ihex format)
"/Users/Dad/GoogleDrive/arduino/Arduino 1.5.5.app/Contents/Resources/Java/hardware/tools/avr/bin/avr-objcopy" -O ihex -R .eeprom "/Users/Dad/GoogleDrive/arduino/Workspace/LampMatrix/Release/LampMatrix.elf" "/Users/Dad/GoogleDrive/arduino/Workspace/LampMatrix/Release/LampMatrix.hex"
Finished building: LampMatrix.hex
 
Building target: LampMatrix
Printing size:
"/Users/Dad/GoogleDrive/arduino/Arduino 1.5.5.app/Contents/Resources/Java/hardware/tools/avr/bin/avr-size" -A "/Users/Dad/GoogleDrive/arduino/Workspace/LampMatrix/Release/LampMatrix.elf"
/Users/Dad/GoogleDrive/arduino/Workspace/LampMatrix/Release/LampMatrix.elf  :
section             size      addr
.data                 88   8388864
.text               6762         0
.bss                 250   8388952
.debug_aranges      2288         0
.debug_pubnames     5305         0
.debug_info        46434         0
.debug_abbrev       8834         0
.debug_line        22579         0
.debug_frame        3920         0
.debug_str         10560         0
.debug_loc         22644         0
.debug_ranges       2040         0
Total             131704


Finished building target: LampMatrix
 

22:59:57 Build Finished (took 260ms)

