21:33:30 **** Build of configuration Release for project Scratch ****
make all 
Building file: ../.ino.cpp
Starting C++ compile
"/Users/Dad/GoogleDrive/arduino/Arduino 1.5.5.app/Contents/Resources/Java/hardware/tools/avr/bin/avr-g++" -c -g -Os -fno-exceptions -ffunction-sections -fdata-sections -MMD -mmcu=atmega328p -DF_CPU=16000000L -DARDUINO=155 -DARDUINO_AVR_UNO -DARDUINO_ARCH_AVR    -I"/Users/Dad/GoogleDrive/arduino/Arduino 1.5.5.app/Contents/Resources/Java/hardware/arduino/avr/cores/arduino" -I"/Users/Dad/GoogleDrive/arduino/Arduino 1.5.5.app/Contents/Resources/Java/hardware/arduino/avr/variants/standard" -MMD -MP -MF".ino.cpp.d" -MT".ino.cpp.d" -D__IN_ECLIPSE__=1 -x c++ "../.ino.cpp"  -o  ".ino.cpp.o"   -Wall
In file included from ../.ino.cpp:12:
../Scratch.ino:3: warning: 'ROW_PIN_NUMBERS' defined but not used
../Scratch.ino:4: warning: 'COL_PIN_NUMBERS' defined but not used
Finished building: ../.ino.cpp
 
Building file: /Users/Dad/GoogleDrive/arduino/Arduino 1.5.5.app/Contents/Resources/Java/hardware/arduino/avr/cores/arduino/avr-libc/malloc.c
Starting C compile
"/Users/Dad/GoogleDrive/arduino/Arduino 1.5.5.app/Contents/Resources/Java/hardware/tools/avr/bin/avr-gcc" -c -g -Os -ffunction-sections -fdata-sections -MMD -mmcu=atmega328p -DF_CPU=16000000L -DARDUINO=155 -DARDUINO_AVR_UNO -DARDUINO_ARCH_AVR    -I"/Users/Dad/GoogleDrive/arduino/Arduino 1.5.5.app/Contents/Resources/Java/hardware/arduino/avr/cores/arduino" -I"/Users/Dad/GoogleDrive/arduino/Arduino 1.5.5.app/Contents/Resources/Java/hardware/arduino/avr/variants/standard" -MMD -MP -MF"arduino/malloc.c.d" -MT"arduino/malloc.c.d" -D__IN_ECLIPSE__=1 "/Users/Dad/GoogleDrive/arduino/Arduino 1.5.5.app/Contents/Resources/Java/hardware/arduino/avr/cores/arduino/avr-libc/malloc.c"  -o  "arduino/malloc.c.o"   -Wall
Finished building: /Users/Dad/GoogleDrive/arduino/Arduino 1.5.5.app/Contents/Resources/Java/hardware/arduino/avr/cores/arduino/avr-libc/malloc.c
 
Building file: /Users/Dad/GoogleDrive/arduino/Arduino 1.5.5.app/Contents/Resources/Java/hardware/arduino/avr/cores/arduino/avr-libc/realloc.c
Starting C compile
"/Users/Dad/GoogleDrive/arduino/Arduino 1.5.5.app/Contents/Resources/Java/hardware/tools/avr/bin/avr-gcc" -c -g -Os -ffunction-sections -fdata-sections -MMD -mmcu=atmega328p -DF_CPU=16000000L -DARDUINO=155 -DARDUINO_AVR_UNO -DARDUINO_ARCH_AVR    -I"/Users/Dad/GoogleDrive/arduino/Arduino 1.5.5.app/Contents/Resources/Java/hardware/arduino/avr/cores/arduino" -I"/Users/Dad/GoogleDrive/arduino/Arduino 1.5.5.app/Contents/Resources/Java/hardware/arduino/avr/variants/standard" -MMD -MP -MF"arduino/realloc.c.d" -MT"arduino/realloc.c.d" -D__IN_ECLIPSE__=1 "/Users/Dad/GoogleDrive/arduino/Arduino 1.5.5.app/Contents/Resources/Java/hardware/arduino/avr/cores/arduino/avr-libc/realloc.c"  -o  "arduino/realloc.c.o"   -Wall
Finished building: /Users/Dad/GoogleDrive/arduino/Arduino 1.5.5.app/Contents/Resources/Java/hardware/arduino/avr/cores/arduino/avr-libc/realloc.c
 
Building file: /Users/Dad/GoogleDrive/arduino/Arduino 1.5.5.app/Contents/Resources/Java/hardware/arduino/avr/cores/arduino/CDC.cpp
Starting C++ compile
"/Users/Dad/GoogleDrive/arduino/Arduino 1.5.5.app/Contents/Resources/Java/hardware/tools/avr/bin/avr-g++" -c -g -Os -fno-exceptions -ffunction-sections -fdata-sections -MMD -mmcu=atmega328p -DF_CPU=16000000L -DARDUINO=155 -DARDUINO_AVR_UNO -DARDUINO_ARCH_AVR    -I"/Users/Dad/GoogleDrive/arduino/Arduino 1.5.5.app/Contents/Resources/Java/hardware/arduino/avr/cores/arduino" -I"/Users/Dad/GoogleDrive/arduino/Arduino 1.5.5.app/Contents/Resources/Java/hardware/arduino/avr/variants/standard" -MMD -MP -MF"arduino/CDC.cpp.d" -MT"arduino/CDC.cpp.d" -D__IN_ECLIPSE__=1 -x c++ "/Users/Dad/GoogleDrive/arduino/Arduino 1.5.5.app/Contents/Resources/Java/hardware/arduino/avr/cores/arduino/CDC.cpp"  -o  "arduino/CDC.cpp.o"   -Wall
Finished building: /Users/Dad/GoogleDrive/arduino/Arduino 1.5.5.app/Contents/Resources/Java/hardware/arduino/avr/cores/arduino/CDC.cpp
 
Building file: /Users/Dad/GoogleDrive/arduino/Arduino 1.5.5.app/Contents/Resources/Java/hardware/arduino/avr/cores/arduino/HID.cpp
Starting C++ compile
"/Users/Dad/GoogleDrive/arduino/Arduino 1.5.5.app/Contents/Resources/Java/hardware/tools/avr/bin/avr-g++" -c -g -Os -fno-exceptions -ffunction-sections -fdata-sections -MMD -mmcu=atmega328p -DF_CPU=16000000L -DARDUINO=155 -DARDUINO_AVR_UNO -DARDUINO_ARCH_AVR    -I"/Users/Dad/GoogleDrive/arduino/Arduino 1.5.5.app/Contents/Resources/Java/hardware/arduino/avr/cores/arduino" -I"/Users/Dad/GoogleDrive/arduino/Arduino 1.5.5.app/Contents/Resources/Java/hardware/arduino/avr/variants/standard" -MMD -MP -MF"arduino/HID.cpp.d" -MT"arduino/HID.cpp.d" -D__IN_ECLIPSE__=1 -x c++ "/Users/Dad/GoogleDrive/arduino/Arduino 1.5.5.app/Contents/Resources/Java/hardware/arduino/avr/cores/arduino/HID.cpp"  -o  "arduino/HID.cpp.o"   -Wall
Finished building: /Users/Dad/GoogleDrive/arduino/Arduino 1.5.5.app/Contents/Resources/Java/hardware/arduino/avr/cores/arduino/HID.cpp
 
Building file: /Users/Dad/GoogleDrive/arduino/Arduino 1.5.5.app/Contents/Resources/Java/hardware/arduino/avr/cores/arduino/HardwareSerial.cpp
Starting C++ compile
"/Users/Dad/GoogleDrive/arduino/Arduino 1.5.5.app/Contents/Resources/Java/hardware/tools/avr/bin/avr-g++" -c -g -Os -fno-exceptions -ffunction-sections -fdata-sections -MMD -mmcu=atmega328p -DF_CPU=16000000L -DARDUINO=155 -DARDUINO_AVR_UNO -DARDUINO_ARCH_AVR    -I"/Users/Dad/GoogleDrive/arduino/Arduino 1.5.5.app/Contents/Resources/Java/hardware/arduino/avr/cores/arduino" -I"/Users/Dad/GoogleDrive/arduino/Arduino 1.5.5.app/Contents/Resources/Java/hardware/arduino/avr/variants/standard" -MMD -MP -MF"arduino/HardwareSerial.cpp.d" -MT"arduino/HardwareSerial.cpp.d" -D__IN_ECLIPSE__=1 -x c++ "/Users/Dad/GoogleDrive/arduino/Arduino 1.5.5.app/Contents/Resources/Java/hardware/arduino/avr/cores/arduino/HardwareSerial.cpp"  -o  "arduino/HardwareSerial.cpp.o"   -Wall
/Users/Dad/GoogleDrive/arduino/Arduino 1.5.5.app/Contents/Resources/Java/hardware/arduino/avr/cores/arduino/HardwareSerial.cpp: In function 'void __vector_18()':
/Users/Dad/GoogleDrive/arduino/Arduino 1.5.5.app/Contents/Resources/Java/hardware/arduino/avr/cores/arduino/HardwareSerial.cpp:89: warning: unused variable 'c'
/Users/Dad/GoogleDrive/arduino/Arduino 1.5.5.app/Contents/Resources/Java/hardware/arduino/avr/cores/arduino/HardwareSerial.cpp: In member function 'void HardwareSerial::begin(long unsigned int, byte)':
/Users/Dad/GoogleDrive/arduino/Arduino 1.5.5.app/Contents/Resources/Java/hardware/arduino/avr/cores/arduino/HardwareSerial.cpp:329: warning: unused variable 'current_config'
Finished building: /Users/Dad/GoogleDrive/arduino/Arduino 1.5.5.app/Contents/Resources/Java/hardware/arduino/avr/cores/arduino/HardwareSerial.cpp
 
Building file: /Users/Dad/GoogleDrive/arduino/Arduino 1.5.5.app/Contents/Resources/Java/hardware/arduino/avr/cores/arduino/IPAddress.cpp
Starting C++ compile
"/Users/Dad/GoogleDrive/arduino/Arduino 1.5.5.app/Contents/Resources/Java/hardware/tools/avr/bin/avr-g++" -c -g -Os -fno-exceptions -ffunction-sections -fdata-sections -MMD -mmcu=atmega328p -DF_CPU=16000000L -DARDUINO=155 -DARDUINO_AVR_UNO -DARDUINO_ARCH_AVR    -I"/Users/Dad/GoogleDrive/arduino/Arduino 1.5.5.app/Contents/Resources/Java/hardware/arduino/avr/cores/arduino" -I"/Users/Dad/GoogleDrive/arduino/Arduino 1.5.5.app/Contents/Resources/Java/hardware/arduino/avr/variants/standard" -MMD -MP -MF"arduino/IPAddress.cpp.d" -MT"arduino/IPAddress.cpp.d" -D__IN_ECLIPSE__=1 -x c++ "/Users/Dad/GoogleDrive/arduino/Arduino 1.5.5.app/Contents/Resources/Java/hardware/arduino/avr/cores/arduino/IPAddress.cpp"  -o  "arduino/IPAddress.cpp.o"   -Wall
Finished building: /Users/Dad/GoogleDrive/arduino/Arduino 1.5.5.app/Contents/Resources/Java/hardware/arduino/avr/cores/arduino/IPAddress.cpp
 
Building file: /Users/Dad/GoogleDrive/arduino/Arduino 1.5.5.app/Contents/Resources/Java/hardware/arduino/avr/cores/arduino/Print.cpp
Starting C++ compile
"/Users/Dad/GoogleDrive/arduino/Arduino 1.5.5.app/Contents/Resources/Java/hardware/tools/avr/bin/avr-g++" -c -g -Os -fno-exceptions -ffunction-sections -fdata-sections -MMD -mmcu=atmega328p -DF_CPU=16000000L -DARDUINO=155 -DARDUINO_AVR_UNO -DARDUINO_ARCH_AVR    -I"/Users/Dad/GoogleDrive/arduino/Arduino 1.5.5.app/Contents/Resources/Java/hardware/arduino/avr/cores/arduino" -I"/Users/Dad/GoogleDrive/arduino/Arduino 1.5.5.app/Contents/Resources/Java/hardware/arduino/avr/variants/standard" -MMD -MP -MF"arduino/Print.cpp.d" -MT"arduino/Print.cpp.d" -D__IN_ECLIPSE__=1 -x c++ "/Users/Dad/GoogleDrive/arduino/Arduino 1.5.5.app/Contents/Resources/Java/hardware/arduino/avr/cores/arduino/Print.cpp"  -o  "arduino/Print.cpp.o"   -Wall
/Users/Dad/GoogleDrive/arduino/Arduino 1.5.5.app/Contents/Resources/Java/hardware/arduino/avr/cores/arduino/Print.cpp: In member function 'size_t Print::print(const __FlashStringHelper*)':
/Users/Dad/GoogleDrive/arduino/Arduino 1.5.5.app/Contents/Resources/Java/hardware/arduino/avr/cores/arduino/Print.cpp:44: warning: '__progmem__' attribute ignored
Finished building: /Users/Dad/GoogleDrive/arduino/Arduino 1.5.5.app/Contents/Resources/Java/hardware/arduino/avr/cores/arduino/Print.cpp
 
Building file: /Users/Dad/GoogleDrive/arduino/Arduino 1.5.5.app/Contents/Resources/Java/hardware/arduino/avr/cores/arduino/Stream.cpp
Starting C++ compile
"/Users/Dad/GoogleDrive/arduino/Arduino 1.5.5.app/Contents/Resources/Java/hardware/tools/avr/bin/avr-g++" -c -g -Os -fno-exceptions -ffunction-sections -fdata-sections -MMD -mmcu=atmega328p -DF_CPU=16000000L -DARDUINO=155 -DARDUINO_AVR_UNO -DARDUINO_ARCH_AVR    -I"/Users/Dad/GoogleDrive/arduino/Arduino 1.5.5.app/Contents/Resources/Java/hardware/arduino/avr/cores/arduino" -I"/Users/Dad/GoogleDrive/arduino/Arduino 1.5.5.app/Contents/Resources/Java/hardware/arduino/avr/variants/standard" -MMD -MP -MF"arduino/Stream.cpp.d" -MT"arduino/Stream.cpp.d" -D__IN_ECLIPSE__=1 -x c++ "/Users/Dad/GoogleDrive/arduino/Arduino 1.5.5.app/Contents/Resources/Java/hardware/arduino/avr/cores/arduino/Stream.cpp"  -o  "arduino/Stream.cpp.o"   -Wall
Finished building: /Users/Dad/GoogleDrive/arduino/Arduino 1.5.5.app/Contents/Resources/Java/hardware/arduino/avr/cores/arduino/Stream.cpp
 
Building file: /Users/Dad/GoogleDrive/arduino/Arduino 1.5.5.app/Contents/Resources/Java/hardware/arduino/avr/cores/arduino/Tone.cpp
Starting C++ compile
"/Users/Dad/GoogleDrive/arduino/Arduino 1.5.5.app/Contents/Resources/Java/hardware/tools/avr/bin/avr-g++" -c -g -Os -fno-exceptions -ffunction-sections -fdata-sections -MMD -mmcu=atmega328p -DF_CPU=16000000L -DARDUINO=155 -DARDUINO_AVR_UNO -DARDUINO_ARCH_AVR    -I"/Users/Dad/GoogleDrive/arduino/Arduino 1.5.5.app/Contents/Resources/Java/hardware/arduino/avr/cores/arduino" -I"/Users/Dad/GoogleDrive/arduino/Arduino 1.5.5.app/Contents/Resources/Java/hardware/arduino/avr/variants/standard" -MMD -MP -MF"arduino/Tone.cpp.d" -MT"arduino/Tone.cpp.d" -D__IN_ECLIPSE__=1 -x c++ "/Users/Dad/GoogleDrive/arduino/Arduino 1.5.5.app/Contents/Resources/Java/hardware/arduino/avr/cores/arduino/Tone.cpp"  -o  "arduino/Tone.cpp.o"   -Wall
/Users/Dad/GoogleDrive/arduino/Arduino 1.5.5.app/Contents/Resources/Java/hardware/arduino/avr/cores/arduino/Tone.cpp:119: warning: only initialized variables can be placed into program memory area
Finished building: /Users/Dad/GoogleDrive/arduino/Arduino 1.5.5.app/Contents/Resources/Java/hardware/arduino/avr/cores/arduino/Tone.cpp
 
Building file: /Users/Dad/GoogleDrive/arduino/Arduino 1.5.5.app/Contents/Resources/Java/hardware/arduino/avr/cores/arduino/USBCore.cpp
Starting C++ compile
"/Users/Dad/GoogleDrive/arduino/Arduino 1.5.5.app/Contents/Resources/Java/hardware/tools/avr/bin/avr-g++" -c -g -Os -fno-exceptions -ffunction-sections -fdata-sections -MMD -mmcu=atmega328p -DF_CPU=16000000L -DARDUINO=155 -DARDUINO_AVR_UNO -DARDUINO_ARCH_AVR    -I"/Users/Dad/GoogleDrive/arduino/Arduino 1.5.5.app/Contents/Resources/Java/hardware/arduino/avr/cores/arduino" -I"/Users/Dad/GoogleDrive/arduino/Arduino 1.5.5.app/Contents/Resources/Java/hardware/arduino/avr/variants/standard" -MMD -MP -MF"arduino/USBCore.cpp.d" -MT"arduino/USBCore.cpp.d" -D__IN_ECLIPSE__=1 -x c++ "/Users/Dad/GoogleDrive/arduino/Arduino 1.5.5.app/Contents/Resources/Java/hardware/arduino/avr/cores/arduino/USBCore.cpp"  -o  "arduino/USBCore.cpp.o"   -Wall
Finished building: /Users/Dad/GoogleDrive/arduino/Arduino 1.5.5.app/Contents/Resources/Java/hardware/arduino/avr/cores/arduino/USBCore.cpp
 
Building file: /Users/Dad/GoogleDrive/arduino/Arduino 1.5.5.app/Contents/Resources/Java/hardware/arduino/avr/cores/arduino/WInterrupts.c
Starting C compile
"/Users/Dad/GoogleDrive/arduino/Arduino 1.5.5.app/Contents/Resources/Java/hardware/tools/avr/bin/avr-gcc" -c -g -Os -ffunction-sections -fdata-sections -MMD -mmcu=atmega328p -DF_CPU=16000000L -DARDUINO=155 -DARDUINO_AVR_UNO -DARDUINO_ARCH_AVR    -I"/Users/Dad/GoogleDrive/arduino/Arduino 1.5.5.app/Contents/Resources/Java/hardware/arduino/avr/cores/arduino" -I"/Users/Dad/GoogleDrive/arduino/Arduino 1.5.5.app/Contents/Resources/Java/hardware/arduino/avr/variants/standard" -MMD -MP -MF"arduino/WInterrupts.c.d" -MT"arduino/WInterrupts.c.d" -D__IN_ECLIPSE__=1 "/Users/Dad/GoogleDrive/arduino/Arduino 1.5.5.app/Contents/Resources/Java/hardware/arduino/avr/cores/arduino/WInterrupts.c"  -o  "arduino/WInterrupts.c.o"   -Wall
Finished building: /Users/Dad/GoogleDrive/arduino/Arduino 1.5.5.app/Contents/Resources/Java/hardware/arduino/avr/cores/arduino/WInterrupts.c
 
Building file: /Users/Dad/GoogleDrive/arduino/Arduino 1.5.5.app/Contents/Resources/Java/hardware/arduino/avr/cores/arduino/WMath.cpp
Starting C++ compile
"/Users/Dad/GoogleDrive/arduino/Arduino 1.5.5.app/Contents/Resources/Java/hardware/tools/avr/bin/avr-g++" -c -g -Os -fno-exceptions -ffunction-sections -fdata-sections -MMD -mmcu=atmega328p -DF_CPU=16000000L -DARDUINO=155 -DARDUINO_AVR_UNO -DARDUINO_ARCH_AVR    -I"/Users/Dad/GoogleDrive/arduino/Arduino 1.5.5.app/Contents/Resources/Java/hardware/arduino/avr/cores/arduino" -I"/Users/Dad/GoogleDrive/arduino/Arduino 1.5.5.app/Contents/Resources/Java/hardware/arduino/avr/variants/standard" -MMD -MP -MF"arduino/WMath.cpp.d" -MT"arduino/WMath.cpp.d" -D__IN_ECLIPSE__=1 -x c++ "/Users/Dad/GoogleDrive/arduino/Arduino 1.5.5.app/Contents/Resources/Java/hardware/arduino/avr/cores/arduino/WMath.cpp"  -o  "arduino/WMath.cpp.o"   -Wall
Finished building: /Users/Dad/GoogleDrive/arduino/Arduino 1.5.5.app/Contents/Resources/Java/hardware/arduino/avr/cores/arduino/WMath.cpp
 
Building file: /Users/Dad/GoogleDrive/arduino/Arduino 1.5.5.app/Contents/Resources/Java/hardware/arduino/avr/cores/arduino/WString.cpp
Starting C++ compile
"/Users/Dad/GoogleDrive/arduino/Arduino 1.5.5.app/Contents/Resources/Java/hardware/tools/avr/bin/avr-g++" -c -g -Os -fno-exceptions -ffunction-sections -fdata-sections -MMD -mmcu=atmega328p -DF_CPU=16000000L -DARDUINO=155 -DARDUINO_AVR_UNO -DARDUINO_ARCH_AVR    -I"/Users/Dad/GoogleDrive/arduino/Arduino 1.5.5.app/Contents/Resources/Java/hardware/arduino/avr/cores/arduino" -I"/Users/Dad/GoogleDrive/arduino/Arduino 1.5.5.app/Contents/Resources/Java/hardware/arduino/avr/variants/standard" -MMD -MP -MF"arduino/WString.cpp.d" -MT"arduino/WString.cpp.d" -D__IN_ECLIPSE__=1 -x c++ "/Users/Dad/GoogleDrive/arduino/Arduino 1.5.5.app/Contents/Resources/Java/hardware/arduino/avr/cores/arduino/WString.cpp"  -o  "arduino/WString.cpp.o"   -Wall
Finished building: /Users/Dad/GoogleDrive/arduino/Arduino 1.5.5.app/Contents/Resources/Java/hardware/arduino/avr/cores/arduino/WString.cpp
 
Building file: /Users/Dad/GoogleDrive/arduino/Arduino 1.5.5.app/Contents/Resources/Java/hardware/arduino/avr/cores/arduino/hooks.c
Starting C compile
"/Users/Dad/GoogleDrive/arduino/Arduino 1.5.5.app/Contents/Resources/Java/hardware/tools/avr/bin/avr-gcc" -c -g -Os -ffunction-sections -fdata-sections -MMD -mmcu=atmega328p -DF_CPU=16000000L -DARDUINO=155 -DARDUINO_AVR_UNO -DARDUINO_ARCH_AVR    -I"/Users/Dad/GoogleDrive/arduino/Arduino 1.5.5.app/Contents/Resources/Java/hardware/arduino/avr/cores/arduino" -I"/Users/Dad/GoogleDrive/arduino/Arduino 1.5.5.app/Contents/Resources/Java/hardware/arduino/avr/variants/standard" -MMD -MP -MF"arduino/hooks.c.d" -MT"arduino/hooks.c.d" -D__IN_ECLIPSE__=1 "/Users/Dad/GoogleDrive/arduino/Arduino 1.5.5.app/Contents/Resources/Java/hardware/arduino/avr/cores/arduino/hooks.c"  -o  "arduino/hooks.c.o"   -Wall
Finished building: /Users/Dad/GoogleDrive/arduino/Arduino 1.5.5.app/Contents/Resources/Java/hardware/arduino/avr/cores/arduino/hooks.c
 
Building file: /Users/Dad/GoogleDrive/arduino/Arduino 1.5.5.app/Contents/Resources/Java/hardware/arduino/avr/cores/arduino/main.cpp
Starting C++ compile
"/Users/Dad/GoogleDrive/arduino/Arduino 1.5.5.app/Contents/Resources/Java/hardware/tools/avr/bin/avr-g++" -c -g -Os -fno-exceptions -ffunction-sections -fdata-sections -MMD -mmcu=atmega328p -DF_CPU=16000000L -DARDUINO=155 -DARDUINO_AVR_UNO -DARDUINO_ARCH_AVR    -I"/Users/Dad/GoogleDrive/arduino/Arduino 1.5.5.app/Contents/Resources/Java/hardware/arduino/avr/cores/arduino" -I"/Users/Dad/GoogleDrive/arduino/Arduino 1.5.5.app/Contents/Resources/Java/hardware/arduino/avr/variants/standard" -MMD -MP -MF"arduino/main.cpp.d" -MT"arduino/main.cpp.d" -D__IN_ECLIPSE__=1 -x c++ "/Users/Dad/GoogleDrive/arduino/Arduino 1.5.5.app/Contents/Resources/Java/hardware/arduino/avr/cores/arduino/main.cpp"  -o  "arduino/main.cpp.o"   -Wall
Finished building: /Users/Dad/GoogleDrive/arduino/Arduino 1.5.5.app/Contents/Resources/Java/hardware/arduino/avr/cores/arduino/main.cpp
 
Building file: /Users/Dad/GoogleDrive/arduino/Arduino 1.5.5.app/Contents/Resources/Java/hardware/arduino/avr/cores/arduino/new.cpp
Starting C++ compile
"/Users/Dad/GoogleDrive/arduino/Arduino 1.5.5.app/Contents/Resources/Java/hardware/tools/avr/bin/avr-g++" -c -g -Os -fno-exceptions -ffunction-sections -fdata-sections -MMD -mmcu=atmega328p -DF_CPU=16000000L -DARDUINO=155 -DARDUINO_AVR_UNO -DARDUINO_ARCH_AVR    -I"/Users/Dad/GoogleDrive/arduino/Arduino 1.5.5.app/Contents/Resources/Java/hardware/arduino/avr/cores/arduino" -I"/Users/Dad/GoogleDrive/arduino/Arduino 1.5.5.app/Contents/Resources/Java/hardware/arduino/avr/variants/standard" -MMD -MP -MF"arduino/new.cpp.d" -MT"arduino/new.cpp.d" -D__IN_ECLIPSE__=1 -x c++ "/Users/Dad/GoogleDrive/arduino/Arduino 1.5.5.app/Contents/Resources/Java/hardware/arduino/avr/cores/arduino/new.cpp"  -o  "arduino/new.cpp.o"   -Wall
Finished building: /Users/Dad/GoogleDrive/arduino/Arduino 1.5.5.app/Contents/Resources/Java/hardware/arduino/avr/cores/arduino/new.cpp
 
Building file: /Users/Dad/GoogleDrive/arduino/Arduino 1.5.5.app/Contents/Resources/Java/hardware/arduino/avr/cores/arduino/wiring.c
Starting C compile
"/Users/Dad/GoogleDrive/arduino/Arduino 1.5.5.app/Contents/Resources/Java/hardware/tools/avr/bin/avr-gcc" -c -g -Os -ffunction-sections -fdata-sections -MMD -mmcu=atmega328p -DF_CPU=16000000L -DARDUINO=155 -DARDUINO_AVR_UNO -DARDUINO_ARCH_AVR    -I"/Users/Dad/GoogleDrive/arduino/Arduino 1.5.5.app/Contents/Resources/Java/hardware/arduino/avr/cores/arduino" -I"/Users/Dad/GoogleDrive/arduino/Arduino 1.5.5.app/Contents/Resources/Java/hardware/arduino/avr/variants/standard" -MMD -MP -MF"arduino/wiring.c.d" -MT"arduino/wiring.c.d" -D__IN_ECLIPSE__=1 "/Users/Dad/GoogleDrive/arduino/Arduino 1.5.5.app/Contents/Resources/Java/hardware/arduino/avr/cores/arduino/wiring.c"  -o  "arduino/wiring.c.o"   -Wall
Finished building: /Users/Dad/GoogleDrive/arduino/Arduino 1.5.5.app/Contents/Resources/Java/hardware/arduino/avr/cores/arduino/wiring.c
 
Building file: /Users/Dad/GoogleDrive/arduino/Arduino 1.5.5.app/Contents/Resources/Java/hardware/arduino/avr/cores/arduino/wiring_analog.c
Starting C compile
"/Users/Dad/GoogleDrive/arduino/Arduino 1.5.5.app/Contents/Resources/Java/hardware/tools/avr/bin/avr-gcc" -c -g -Os -ffunction-sections -fdata-sections -MMD -mmcu=atmega328p -DF_CPU=16000000L -DARDUINO=155 -DARDUINO_AVR_UNO -DARDUINO_ARCH_AVR    -I"/Users/Dad/GoogleDrive/arduino/Arduino 1.5.5.app/Contents/Resources/Java/hardware/arduino/avr/cores/arduino" -I"/Users/Dad/GoogleDrive/arduino/Arduino 1.5.5.app/Contents/Resources/Java/hardware/arduino/avr/variants/standard" -MMD -MP -MF"arduino/wiring_analog.c.d" -MT"arduino/wiring_analog.c.d" -D__IN_ECLIPSE__=1 "/Users/Dad/GoogleDrive/arduino/Arduino 1.5.5.app/Contents/Resources/Java/hardware/arduino/avr/cores/arduino/wiring_analog.c"  -o  "arduino/wiring_analog.c.o"   -Wall
Finished building: /Users/Dad/GoogleDrive/arduino/Arduino 1.5.5.app/Contents/Resources/Java/hardware/arduino/avr/cores/arduino/wiring_analog.c
 
Building file: /Users/Dad/GoogleDrive/arduino/Arduino 1.5.5.app/Contents/Resources/Java/hardware/arduino/avr/cores/arduino/wiring_digital.c
Starting C compile
"/Users/Dad/GoogleDrive/arduino/Arduino 1.5.5.app/Contents/Resources/Java/hardware/tools/avr/bin/avr-gcc" -c -g -Os -ffunction-sections -fdata-sections -MMD -mmcu=atmega328p -DF_CPU=16000000L -DARDUINO=155 -DARDUINO_AVR_UNO -DARDUINO_ARCH_AVR    -I"/Users/Dad/GoogleDrive/arduino/Arduino 1.5.5.app/Contents/Resources/Java/hardware/arduino/avr/cores/arduino" -I"/Users/Dad/GoogleDrive/arduino/Arduino 1.5.5.app/Contents/Resources/Java/hardware/arduino/avr/variants/standard" -MMD -MP -MF"arduino/wiring_digital.c.d" -MT"arduino/wiring_digital.c.d" -D__IN_ECLIPSE__=1 "/Users/Dad/GoogleDrive/arduino/Arduino 1.5.5.app/Contents/Resources/Java/hardware/arduino/avr/cores/arduino/wiring_digital.c"  -o  "arduino/wiring_digital.c.o"   -Wall
Finished building: /Users/Dad/GoogleDrive/arduino/Arduino 1.5.5.app/Contents/Resources/Java/hardware/arduino/avr/cores/arduino/wiring_digital.c
 
Building file: /Users/Dad/GoogleDrive/arduino/Arduino 1.5.5.app/Contents/Resources/Java/hardware/arduino/avr/cores/arduino/wiring_pulse.c
Starting C compile
"/Users/Dad/GoogleDrive/arduino/Arduino 1.5.5.app/Contents/Resources/Java/hardware/tools/avr/bin/avr-gcc" -c -g -Os -ffunction-sections -fdata-sections -MMD -mmcu=atmega328p -DF_CPU=16000000L -DARDUINO=155 -DARDUINO_AVR_UNO -DARDUINO_ARCH_AVR    -I"/Users/Dad/GoogleDrive/arduino/Arduino 1.5.5.app/Contents/Resources/Java/hardware/arduino/avr/cores/arduino" -I"/Users/Dad/GoogleDrive/arduino/Arduino 1.5.5.app/Contents/Resources/Java/hardware/arduino/avr/variants/standard" -MMD -MP -MF"arduino/wiring_pulse.c.d" -MT"arduino/wiring_pulse.c.d" -D__IN_ECLIPSE__=1 "/Users/Dad/GoogleDrive/arduino/Arduino 1.5.5.app/Contents/Resources/Java/hardware/arduino/avr/cores/arduino/wiring_pulse.c"  -o  "arduino/wiring_pulse.c.o"   -Wall
Finished building: /Users/Dad/GoogleDrive/arduino/Arduino 1.5.5.app/Contents/Resources/Java/hardware/arduino/avr/cores/arduino/wiring_pulse.c
 
Building file: /Users/Dad/GoogleDrive/arduino/Arduino 1.5.5.app/Contents/Resources/Java/hardware/arduino/avr/cores/arduino/wiring_shift.c
Starting C compile
"/Users/Dad/GoogleDrive/arduino/Arduino 1.5.5.app/Contents/Resources/Java/hardware/tools/avr/bin/avr-gcc" -c -g -Os -ffunction-sections -fdata-sections -MMD -mmcu=atmega328p -DF_CPU=16000000L -DARDUINO=155 -DARDUINO_AVR_UNO -DARDUINO_ARCH_AVR    -I"/Users/Dad/GoogleDrive/arduino/Arduino 1.5.5.app/Contents/Resources/Java/hardware/arduino/avr/cores/arduino" -I"/Users/Dad/GoogleDrive/arduino/Arduino 1.5.5.app/Contents/Resources/Java/hardware/arduino/avr/variants/standard" -MMD -MP -MF"arduino/wiring_shift.c.d" -MT"arduino/wiring_shift.c.d" -D__IN_ECLIPSE__=1 "/Users/Dad/GoogleDrive/arduino/Arduino 1.5.5.app/Contents/Resources/Java/hardware/arduino/avr/cores/arduino/wiring_shift.c"  -o  "arduino/wiring_shift.c.o"   -Wall
Finished building: /Users/Dad/GoogleDrive/arduino/Arduino 1.5.5.app/Contents/Resources/Java/hardware/arduino/avr/cores/arduino/wiring_shift.c
 
Starting archiver
"/Users/Dad/GoogleDrive/arduino/Arduino 1.5.5.app/Contents/Resources/Java/hardware/tools/avr/bin/avr-ar" rcs "/Users/Dad/GoogleDrive/arduino/Workspace/Scratch/Release/arduino.ar"    ./arduino/malloc.c.o ./arduino/realloc.c.o  ./arduino/CDC.cpp.o ./arduino/HID.cpp.o ./arduino/HardwareSerial.cpp.o ./arduino/IPAddress.cpp.o ./arduino/Print.cpp.o ./arduino/Stream.cpp.o ./arduino/Tone.cpp.o ./arduino/USBCore.cpp.o ./arduino/WInterrupts.c.o ./arduino/WMath.cpp.o ./arduino/WString.cpp.o ./arduino/hooks.c.o ./arduino/main.cpp.o ./arduino/new.cpp.o ./arduino/wiring.c.o ./arduino/wiring_analog.c.o ./arduino/wiring_digital.c.o ./arduino/wiring_pulse.c.o ./arduino/wiring_shift.c.o 
Finished building: /Users/Dad/GoogleDrive/arduino/Workspace/Scratch/Release/arduino.ar
 
Starting combiner
"/Users/Dad/GoogleDrive/arduino/Arduino 1.5.5.app/Contents/Resources/Java/hardware/tools/avr/bin/avr-gcc" -Os -Wl,--gc-sections -mmcu=atmega328p -o "/Users/Dad/GoogleDrive/arduino/Workspace/Scratch/Release/Scratch.elf"    ./.ino.cpp.o   /Users/Dad/GoogleDrive/arduino/Workspace/Scratch/Release/arduino.ar   "/Users/Dad/GoogleDrive/arduino/Workspace/Scratch/Release/arduino.ar" "-L/Users/Dad/GoogleDrive/arduino/Workspace/Scratch/Release" -lm
Finished building: Scratch.elf
 
Create eeprom image
"/Users/Dad/GoogleDrive/arduino/Arduino 1.5.5.app/Contents/Resources/Java/hardware/tools/avr/bin/avr-objcopy" -O ihex -j .eeprom --set-section-flags=.eeprom=alloc,load --no-change-warnings --change-section-lma .eeprom=0 "/Users/Dad/GoogleDrive/arduino/Workspace/Scratch/Release/Scratch.elf" "/Users/Dad/GoogleDrive/arduino/Workspace/Scratch/Release/Scratch.eep"
Finished building: Scratch.eep
 
Create Flash image (ihex format)
"/Users/Dad/GoogleDrive/arduino/Arduino 1.5.5.app/Contents/Resources/Java/hardware/tools/avr/bin/avr-objcopy" -O ihex -R .eeprom "/Users/Dad/GoogleDrive/arduino/Workspace/Scratch/Release/Scratch.elf" "/Users/Dad/GoogleDrive/arduino/Workspace/Scratch/Release/Scratch.hex"
Finished building: Scratch.hex
 
Building target: Scratch
Printing size:
"/Users/Dad/GoogleDrive/arduino/Arduino 1.5.5.app/Contents/Resources/Java/hardware/tools/avr/bin/avr-size" -A "/Users/Dad/GoogleDrive/arduino/Workspace/Scratch/Release/Scratch.elf"
/Users/Dad/GoogleDrive/arduino/Workspace/Scratch/Release/Scratch.elf  :
section            size      addr
.data                16   8388864
.text              2334         0
.bss                171   8388880
.debug_aranges     1608         0
.debug_pubnames    3568         0
.debug_info       30204         0
.debug_abbrev      5250         0
.debug_line       16509         0
.debug_frame       2768         0
.debug_str         7510         0
.debug_loc        18844         0
.debug_ranges      1448         0
Total             90230


Finished building target: Scratch
 

21:33:31 Build Finished (took 1s.372ms)

