23:10:57 **** Build of configuration Release for project T3_Blink ****
make all 
Building file: ../.ino.cpp
Starting C++ compile
"/Applications/Arduino 1.5.5.app/Contents/Resources/Java/hardware/tools/avr/bin/avr-g++" -c -g -Os -fno-exceptions -ffunction-sections -fdata-sections -MMD -mmcu=atmega328p -DF_CPU=16000000L -DARDUINO=155 -DARDUINO_AVR_UNO -DARDUINO_ARCH_AVR    -I"/Applications/Arduino 1.5.5.app/Contents/Resources/Java/hardware/arduino/avr/cores/arduino" -I"/Applications/Arduino 1.5.5.app/Contents/Resources/Java/hardware/arduino/avr/variants/standard" -MMD -MP -MF".ino.cpp.d" -MT".ino.cpp.d" -D__IN_ECLIPSE__=1 -x c++ "../.ino.cpp"  -o  ".ino.cpp.o"   -Wall
Finished building: ../.ino.cpp
 
Starting combiner
"/Applications/Arduino 1.5.5.app/Contents/Resources/Java/hardware/tools/avr/bin/avr-gcc" -Os -Wl,--gc-sections -mmcu=atmega328p -o "/Users/Dad/GoogleDrive/arduino/Workspace/T3_Blink/Release/T3_Blink.elf"    ./.ino.cpp.o   /Users/Dad/GoogleDrive/arduino/Workspace/T3_Blink/Release/arduino.ar   "/Users/Dad/GoogleDrive/arduino/Workspace/T3_Blink/Release/arduino.ar" "-L/Users/Dad/GoogleDrive/arduino/Workspace/T3_Blink/Release" -lm
Finished building: T3_Blink.elf
 
Create eeprom image
"/Applications/Arduino 1.5.5.app/Contents/Resources/Java/hardware/tools/avr/bin/avr-objcopy" -O ihex -j .eeprom --set-section-flags=.eeprom=alloc,load --no-change-warnings --change-section-lma .eeprom=0 "/Users/Dad/GoogleDrive/arduino/Workspace/T3_Blink/Release/T3_Blink.elf" "/Users/Dad/GoogleDrive/arduino/Workspace/T3_Blink/Release/T3_Blink.eep"
Finished building: T3_Blink.eep
 
Create Flash image (ihex format)
"/Applications/Arduino 1.5.5.app/Contents/Resources/Java/hardware/tools/avr/bin/avr-objcopy" -O ihex -R .eeprom "/Users/Dad/GoogleDrive/arduino/Workspace/T3_Blink/Release/T3_Blink.elf" "/Users/Dad/GoogleDrive/arduino/Workspace/T3_Blink/Release/T3_Blink.hex"
Finished building: T3_Blink.hex
 
Building target: T3_Blink
Printing size:
"/Applications/Arduino 1.5.5.app/Contents/Resources/Java/hardware/tools/avr/bin/avr-size" -A "/Users/Dad/GoogleDrive/arduino/Workspace/T3_Blink/Release/T3_Blink.elf"
/Users/Dad/GoogleDrive/arduino/Workspace/T3_Blink/Release/T3_Blink.elf  :
section            size      addr
.text              1160         0
.bss                  9   8388864
.debug_aranges      224         0
.debug_pubnames     423         0
.debug_info        2936         0
.debug_abbrev      1071         0
.debug_line        3091         0
.debug_frame        288         0
.debug_str          943         0
.debug_loc          761         0
.debug_ranges       184         0
Total             11090


Finished building target: T3_Blink
 

23:10:57 Build Finished (took 162ms)

